<?xml version="1.0" encoding="utf-8" standalone="no"?>
<test-results xmlns:xsi="http://www.w3.org/2001/XMLSchema-instance" xsi:noNamespaceSchemaLocation="nunit_schema_2.5.xsd" name="Pester" total="146" errors="0" failures="0" not-run="0" inconclusive="0" ignored="0" skipped="0" invalid="0" date="2026-07-05" time="20:21:07">
  <environment user="Studio" clr-version="10.0.8" machine-name="THEBEAST" user-domain="THEBEAST" platform="Microsoft Windows 11 Pro|C:\WINDOWS|\Device\Harddisk2\Partition3" os-version="10.0.26200" nunit-version="2.5.8.0" cwd="C:\dev\wslc-arm\.claude\worktrees\rename-wrm" />
  <culture-info current-culture="en-US" current-uiculture="en-US" />
  <test-suite type="TestFixture" name="Pester" executed="True" result="Success" success="True" time="23.2531" asserts="0" description="Pester">
    <results>
      <test-suite type="TestFixture" name="C:\dev\wslc-arm\.claude\worktrees\rename-wrm\tests\Common.Tests.ps1" executed="True" result="Success" success="True" time="2.8032" asserts="0" description="C:\dev\wslc-arm\.claude\worktrees\rename-wrm\tests\Common.Tests.ps1">
        <results>
          <test-suite type="TestFixture" name="Get-ArmConfig" executed="True" result="Success" success="True" time="0.3242" asserts="0" description="Get-ArmConfig">
            <results>
              <test-case description="loads config/config.psd1 when present" name="Get-ArmConfig.loads config/config.psd1 when present" time="0.199" asserts="0" success="True" result="Success" executed="True" />
              <test-case description="falls back to config.example.psd1 when config.psd1 missing" name="Get-ArmConfig.falls back to config.example.psd1 when config.psd1 missing" time="0.0149" asserts="0" success="True" result="Success" executed="True" />
              <test-case description="validates required keys in config" name="Get-ArmConfig.validates required keys in config" time="0.0108" asserts="0" success="True" result="Success" executed="True" />
              <test-case description="does not throw when required paths missing but Simulate is true" name="Get-ArmConfig.does not throw when required paths missing but Simulate is true" time="0.0351" asserts="0" success="True" result="Success" executed="True" />
              <test-case description="expands relative paths to absolute" name="Get-ArmConfig.expands relative paths to absolute" time="0.016" asserts="0" success="True" result="Success" executed="True" />
            </results>
          </test-suite>
          <test-suite type="TestFixture" name="Write-ArmLog" executed="True" result="Success" success="True" time="0.5884" asserts="0" description="Write-ArmLog">
            <results>
              <test-case description="writes to console and logs file" name="Write-ArmLog.writes to console and logs file" time="0.0624" asserts="0" success="True" result="Success" executed="True" />
              <test-case description="creates log file in LogDir" name="Write-ArmLog.creates log file in LogDir" time="0.0309" asserts="0" success="True" result="Success" executed="True" />
              <test-case description="never throws when LogDir is inaccessible" name="Write-ArmLog.never throws when LogDir is inaccessible" time="0.0858" asserts="0" success="True" result="Success" executed="True" />
              <test-case description="appends to existing log file" name="Write-ArmLog.appends to existing log file" time="0.0457" asserts="0" success="True" result="Success" executed="True" />
              <test-case description="includes timestamp and log level" name="Write-ArmLog.includes timestamp and log level" time="0.0301" asserts="0" success="True" result="Success" executed="True" />
            </results>
          </test-suite>
          <test-suite type="TestFixture" name="Invoke-ArmTool" executed="True" result="Success" success="True" time="1.5497" asserts="0" description="Invoke-ArmTool">
            <results>
              <test-case description="returns object with correct properties" name="Invoke-ArmTool.returns object with correct properties" time="0.0202" asserts="0" success="True" result="Success" executed="True" />
              <test-case description="validates tool names" name="Invoke-ArmTool.validates tool names" time="0.0288" asserts="0" success="True" result="Success" executed="True" />
              <test-case description="handles instant-exit stubs without race condition (regression)" name="Invoke-ArmTool.handles instant-exit stubs without race condition (regression)" time="0.3983" asserts="0" success="True" result="Success" executed="True" />
              <test-case description="locates stub scripts in Simulate mode" name="Invoke-ArmTool.locates stub scripts in Simulate mode" time="0.006" asserts="0" success="True" result="Success" executed="True" />
              <test-case description="handles missing tool gracefully in real mode" name="Invoke-ArmTool.handles missing tool gracefully in real mode" time="0.043" asserts="0" success="True" result="Success" executed="True" />
              <test-case description="returns structured output object" name="Invoke-ArmTool.returns structured output object" time="0.0268" asserts="0" success="True" result="Success" executed="True" />
              <test-case description="properly quotes arguments containing spaces and brackets (regression)" name="Invoke-ArmTool.properly quotes arguments containing spaces and brackets (regression)" time="0.4275" asserts="0" success="True" result="Success" executed="True" />
            </results>
          </test-suite>
          <test-suite type="TestFixture" name="Get-DiscType" executed="True" result="Success" success="True" time="2.1371" asserts="0" description="Get-DiscType">
            <results>
              <test-case description="returns None when no media loaded" name="Get-DiscType.returns None when no media loaded" time="0.3156" asserts="0" success="True" result="Success" executed="True" />
              <test-case description="returns AudioCD when media loaded but no filesystem" name="Get-DiscType.returns AudioCD when media loaded but no filesystem" time="0.0274" asserts="0" success="True" result="Success" executed="True" />
              <test-case description="returns Video when VIDEO_TS present" name="Get-DiscType.returns Video when VIDEO_TS present" time="0.0761" asserts="0" success="True" result="Success" executed="True" />
              <test-case description="returns Data when filesystem present without video markers" name="Get-DiscType.returns Data when filesystem present without video markers" time="0.0396" asserts="0" success="True" result="Success" executed="True" />
              <test-case description="returns Video when BDMV present" name="Get-DiscType.returns Video when BDMV present" time="0.0456" asserts="0" success="True" result="Success" executed="True" />
              <test-case description="accepts lowercase drive letters and normalizes to uppercase" name="Get-DiscType.accepts lowercase drive letters and normalizes to uppercase" time="0.0584" asserts="0" success="True" result="Success" executed="True" />
              <test-case description="validates DriveLetter is single character" name="Get-DiscType.validates DriveLetter is single character" time="0.0132" asserts="0" success="True" result="Success" executed="True" />
            </results>
          </test-suite>
        </results>
      </test-suite>
      <test-suite type="TestFixture" name="C:\dev\wslc-arm\.claude\worktrees\rename-wrm\tests\DiscWatcher.Tests.ps1" executed="True" result="Success" success="True" time="3.238" asserts="0" description="C:\dev\wslc-arm\.claude\worktrees\rename-wrm\tests\DiscWatcher.Tests.ps1">
        <results>
          <test-suite type="TestFixture" name="Invoke-DiscDispatch" executed="True" result="Success" success="True" time="2.6183" asserts="0" description="Invoke-DiscDispatch">
            <results>
              <test-suite type="TestFixture" name="Invoke-DiscDispatch.Video disc" executed="True" result="Success" success="True" time="1.8645" asserts="0" description="Invoke-DiscDispatch.Video disc">
                <results>
                  <test-case description="rips, resolves title, renames staging dir, moves to NAS, and notifies success" name="Invoke-DiscDispatch.Video disc.rips, resolves title, renames staging dir, moves to NAS, and notifies success" time="0.6064" asserts="0" success="True" result="Success" executed="True" />
                  <test-case description="queues an upscale job when DVD and UpscaleDvds is true" name="Invoke-DiscDispatch.Video disc.queues an upscale job when DVD and UpscaleDvds is true" time="0.506" asserts="0" success="True" result="Success" executed="True" />
                  <test-case description="does not queue an upscale job for BD discs even when UpscaleDvds is true" name="Invoke-DiscDispatch.Video disc.does not queue an upscale job for BD discs even when UpscaleDvds is true" time="0.4361" asserts="0" success="True" result="Success" executed="True" />
                  <test-case description="sends a dedicated MAKEMKV_KEY_EXPIRED notification and keeps staging on key expiry" name="Invoke-DiscDispatch.Video disc.sends a dedicated MAKEMKV_KEY_EXPIRED notification and keeps staging on key expiry" time="0.068" asserts="0" success="True" result="Success" executed="True" />
                  <test-case description="notifies Error and keeps staging on generic rip failure" name="Invoke-DiscDispatch.Video disc.notifies Error and keeps staging on generic rip failure" time="0.059" asserts="0" success="True" result="Success" executed="True" />
                  <test-case description="notifies Error and keeps staging when Move-ToNas fails" name="Invoke-DiscDispatch.Video disc.notifies Error and keeps staging when Move-ToNas fails" time="0.1001" asserts="0" success="True" result="Success" executed="True" />
                </results>
              </test-suite>
              <test-suite type="TestFixture" name="Invoke-DiscDispatch.Audio CD" executed="True" result="Success" success="True" time="2.4151" asserts="0" description="Invoke-DiscDispatch.Audio CD">
                <results>
                  <test-case description="rips, moves to NAS, ejects, and notifies success" name="Invoke-DiscDispatch.Audio CD.rips, moves to NAS, ejects, and notifies success" time="0.4588" asserts="0" success="True" result="Success" executed="True" />
                  <test-case description="notifies Error and keeps staging on rip failure" name="Invoke-DiscDispatch.Audio CD.notifies Error and keeps staging on rip failure" time="0.0609" asserts="0" success="True" result="Success" executed="True" />
                </results>
              </test-suite>
              <test-suite type="TestFixture" name="Invoke-DiscDispatch.Data disc" executed="True" result="Success" success="True" time="2.4783" asserts="0" description="Invoke-DiscDispatch.Data disc">
                <results>
                  <test-case description="logs WARN and notifies Info without touching Move-ToNas or eject" name="Invoke-DiscDispatch.Data disc.logs WARN and notifies Info without touching Move-ToNas or eject" time="0.0432" asserts="0" success="True" result="Success" executed="True" />
                </results>
              </test-suite>
              <test-suite type="TestFixture" name="Invoke-DiscDispatch.None" executed="True" result="Success" success="True" time="2.5326" asserts="0" description="Invoke-DiscDispatch.None">
                <results>
                  <test-case description="takes no action" name="Invoke-DiscDispatch.None.takes no action" time="0.0354" asserts="0" success="True" result="Success" executed="True" />
                </results>
              </test-suite>
              <test-suite type="TestFixture" name="Invoke-DiscDispatch.Unhandled dispatch error" executed="True" result="Success" success="True" time="2.6125" asserts="0" description="Invoke-DiscDispatch.Unhandled dispatch error">
                <results>
                  <test-case description="catches exceptions, logs Error, and notifies Error rather than propagating" name="Invoke-DiscDispatch.Unhandled dispatch error.catches exceptions, logs Error, and notifies Error rather than propagating" time="0.0622" asserts="0" success="True" result="Success" executed="True" />
                </results>
              </test-suite>
            </results>
          </test-suite>
          <test-suite type="TestFixture" name="Invoke-DiscMutexDispatch (single-flight)" executed="True" result="Success" success="True" time="2.8882" asserts="0" description="Invoke-DiscMutexDispatch (single-flight)">
            <results>
              <test-case description="skips dispatch when the named mutex is already held (by another runspace)" name="Invoke-DiscMutexDispatch (single-flight).skips dispatch when the named mutex is already held (by another runspace)" time="0.1998" asserts="0" success="True" result="Success" executed="True" />
              <test-case description="dispatches and releases the mutex when free" name="Invoke-DiscMutexDispatch (single-flight).dispatches and releases the mutex when free" time="0.0484" asserts="0" success="True" result="Success" executed="True" />
            </results>
          </test-suite>
          <test-suite type="TestFixture" name="Resolve-CurrentDisc" executed="True" result="Success" success="True" time="2.9349" asserts="0" description="Resolve-CurrentDisc">
            <results>
              <test-case description="reads WRM_SIM_DISC when Config.Simulate is true" name="Resolve-CurrentDisc.reads WRM_SIM_DISC when Config.Simulate is true" time="0.0216" asserts="0" success="True" result="Success" executed="True" />
              <test-case description="defaults to None when WRM_SIM_DISC is unset in simulate mode" name="Resolve-CurrentDisc.defaults to None when WRM_SIM_DISC is unset in simulate mode" time="0.0178" asserts="0" success="True" result="Success" executed="True" />
            </results>
          </test-suite>
          <test-suite type="TestFixture" name="New-UpscaleQueueEntry" executed="True" result="Success" success="True" time="2.9681" asserts="0" description="New-UpscaleQueueEntry">
            <results>
              <test-case description="sanitizes invalid filename characters from the folder name" name="New-UpscaleQueueEntry.sanitizes invalid filename characters from the folder name" time="0.0186" asserts="0" success="True" result="Success" executed="True" />
            </results>
          </test-suite>
        </results>
      </test-suite>
      <test-suite type="TestFixture" name="C:\dev\wslc-arm\.claude\worktrees\rename-wrm\tests\EndToEnd.Tests.ps1" executed="True" result="Success" success="True" time="6.1595" asserts="0" description="C:\dev\wslc-arm\.claude\worktrees\rename-wrm\tests\EndToEnd.Tests.ps1">
        <results>
          <test-suite type="TestFixture" name="End-to-end: DiscWatcher.ps1 -Simulate -Once (Video)" executed="True" result="Success" success="True" time="2.2243" asserts="0" description="End-to-end: DiscWatcher.ps1 -Simulate -Once (Video)">
            <results>
              <test-case description="produces a named folder containing .mkv files under the temp NAS video root" name="End-to-end: DiscWatcher.ps1 -Simulate -Once (Video).produces a named folder containing .mkv files under the temp NAS video root" time="2.1738" asserts="0" success="True" result="Success" executed="True" />
            </results>
          </test-suite>
          <test-suite type="TestFixture" name="End-to-end: DiscWatcher.ps1 -Simulate -Once (AudioCD)" executed="True" result="Success" success="True" time="3.653" asserts="0" description="End-to-end: DiscWatcher.ps1 -Simulate -Once (AudioCD)">
            <results>
              <test-case description="produces .flac files under the temp NAS music root" name="End-to-end: DiscWatcher.ps1 -Simulate -Once (AudioCD).produces .flac files under the temp NAS music root" time="1.3891" asserts="0" success="True" result="Success" executed="True" />
            </results>
          </test-suite>
          <test-suite type="TestFixture" name="End-to-end: Upscale-Worker.ps1 -Simulate -Once" executed="True" result="Success" success="True" time="6.0152" asserts="0" description="End-to-end: Upscale-Worker.ps1 -Simulate -Once">
            <results>
              <test-case description="consumes the queue file and produces the sample upscale output at its exact expected path" name="End-to-end: Upscale-Worker.ps1 -Simulate -Once.consumes the queue file and produces the sample upscale output at its exact expected path" time="2.3112" asserts="0" success="True" result="Success" executed="True" />
            </results>
          </test-suite>
        </results>
      </test-suite>
      <test-suite type="TestFixture" name="C:\dev\wslc-arm\.claude\worktrees\rename-wrm\tests\Move-ToNas.Tests.ps1" executed="True" result="Success" success="True" time="2.0815" asserts="0" description="C:\dev\wslc-arm\.claude\worktrees\rename-wrm\tests\Move-ToNas.Tests.ps1">
        <results>
          <test-suite type="TestFixture" name="Move-ToNas" executed="True" result="Success" success="True" time="1.9508" asserts="0" description="Move-ToNas">
            <results>
              <test-case description="successfully moves files and deletes source when verification passes" name="Move-ToNas.successfully moves files and deletes source when verification passes" time="0.1728" asserts="0" success="True" result="Success" executed="True" />
              <test-case description="preserves source when robocopy fails with exit code &gt;= 8" name="Move-ToNas.preserves source when robocopy fails with exit code &gt;= 8" time="0.098" asserts="0" success="True" result="Success" executed="True" />
              <test-case description="preserves source when verification fails (file size mismatch)" name="Move-ToNas.preserves source when verification fails (file size mismatch)" time="0.1269" asserts="0" success="True" result="Success" executed="True" />
              <test-case description="preserves source when destination file is missing" name="Move-ToNas.preserves source when destination file is missing" time="0.136" asserts="0" success="True" result="Success" executed="True" />
              <test-case description="returns error when source directory does not exist" name="Move-ToNas.returns error when source directory does not exist" time="0.0176" asserts="0" success="True" result="Success" executed="True" />
              <test-case description="never throws when robocopy raises an error" name="Move-ToNas.never throws when robocopy raises an error" time="0.0734" asserts="0" success="True" result="Success" executed="True" />
              <test-case description="accepts robocopy exit codes 0-7 as success" name="Move-ToNas.accepts robocopy exit codes 0-7 as success" time="1.1551" asserts="0" success="True" result="Success" executed="True" />
              <test-case description="creates subdirectory under DestRoot with SourceDir name" name="Move-ToNas.creates subdirectory under DestRoot with SourceDir name" time="0.1663" asserts="0" success="True" result="Success" executed="True" />
            </results>
          </test-suite>
        </results>
      </test-suite>
      <test-suite type="TestFixture" name="C:\dev\wslc-arm\.claude\worktrees\rename-wrm\tests\Resolve-Title.Tests.ps1" executed="True" result="Success" success="True" time="0.3339" asserts="0" description="C:\dev\wslc-arm\.claude\worktrees\rename-wrm\tests\Resolve-Title.Tests.ps1">
        <results>
          <test-suite type="TestFixture" name="Get-ArmCleanDiscLabel" executed="True" result="Success" success="True" time="0.0263" asserts="0" description="Get-ArmCleanDiscLabel">
            <results>
              <test-case description="replaces underscores and dots with spaces" name="Get-ArmCleanDiscLabel.replaces underscores and dots with spaces" time="0.0034" asserts="0" success="True" result="Success" executed="True" />
              <test-case description="strips DISC/DISK/D + number tokens" name="Get-ArmCleanDiscLabel.strips DISC/DISK/D + number tokens" time="0.0041" asserts="0" success="True" result="Success" executed="True" />
              <test-case description="strips SEASON N tokens" name="Get-ArmCleanDiscLabel.strips SEASON N tokens" time="0.0053" asserts="0" success="True" result="Success" executed="True" />
              <test-case description="strips edition/region/format noise tokens" name="Get-ArmCleanDiscLabel.strips edition/region/format noise tokens" time="0.0052" asserts="0" success="True" result="Success" executed="True" />
              <test-case description="collapses whitespace and trims" name="Get-ArmCleanDiscLabel.collapses whitespace and trims" time="0.0039" asserts="0" success="True" result="Success" executed="True" />
            </results>
          </test-suite>
          <test-suite type="TestFixture" name="ConvertTo-ArmTitleCase" executed="True" result="Success" success="True" time="0.0322" asserts="0" description="ConvertTo-ArmTitleCase">
            <results>
              <test-case description="title-cases a cleaned label" name="ConvertTo-ArmTitleCase.title-cases a cleaned label" time="0.0024" asserts="0" success="True" result="Success" executed="True" />
            </results>
          </test-suite>
          <test-suite type="TestFixture" name="Test-ArmTmdbAcceptance" executed="True" result="Success" success="True" time="0.0543" asserts="0" description="Test-ArmTmdbAcceptance">
            <results>
              <test-case description="accepts a single result" name="Test-ArmTmdbAcceptance.accepts a single result" time="0.0064" asserts="0" success="True" result="Success" executed="True" />
              <test-case description="accepts when top popularity is at least 2x the runner-up" name="Test-ArmTmdbAcceptance.accepts when top popularity is at least 2x the runner-up" time="0.0058" asserts="0" success="True" result="Success" executed="True" />
              <test-case description="rejects when top popularity is less than 2x the runner-up" name="Test-ArmTmdbAcceptance.rejects when top popularity is less than 2x the runner-up" time="0.0032" asserts="0" success="True" result="Success" executed="True" />
              <test-case description="rejects an empty result set" name="Test-ArmTmdbAcceptance.rejects an empty result set" time="0.0022" asserts="0" success="True" result="Success" executed="True" />
            </results>
          </test-suite>
          <test-suite type="TestFixture" name="Resolve-Title" executed="True" result="Success" success="True" time="0.1966" asserts="0" description="Resolve-Title">
            <results>
              <test-case description="falls back to label+date naming when no TMDb API key is configured" name="Resolve-Title.falls back to label+date naming when no TMDb API key is configured" time="0.0046" asserts="0" success="True" result="Success" executed="True" />
              <test-case description="matches and returns &quot;Title (Year)&quot; when TMDb has one clear winner" name="Resolve-Title.matches and returns &quot;Title (Year)&quot; when TMDb has one clear winner" time="0.0466" asserts="0" success="True" result="Success" executed="True" />
              <test-case description="falls back when TMDb results are ambiguous (no clear popularity winner)" name="Resolve-Title.falls back when TMDb results are ambiguous (no clear popularity winner)" time="0.0199" asserts="0" success="True" result="Success" executed="True" />
              <test-case description="falls back when TMDb returns no results" name="Resolve-Title.falls back when TMDb returns no results" time="0.0134" asserts="0" success="True" result="Success" executed="True" />
              <test-case description="falls back when the TMDb HTTP call throws (offline/error)" name="Resolve-Title.falls back when the TMDb HTTP call throws (offline/error)" time="0.0153" asserts="0" success="True" result="Success" executed="True" />
              <test-case description="strips invalid filename characters from the matched folder name" name="Resolve-Title.strips invalid filename characters from the matched folder name" time="0.0135" asserts="0" success="True" result="Success" executed="True" />
              <test-case description="never throws" name="Resolve-Title.never throws" time="0.0247" asserts="0" success="True" result="Success" executed="True" />
            </results>
          </test-suite>
        </results>
      </test-suite>
      <test-suite type="TestFixture" name="C:\dev\wslc-arm\.claude\worktrees\rename-wrm\tests\Rip-AudioCd.Tests.ps1" executed="True" result="Success" success="True" time="0.6128" asserts="0" description="C:\dev\wslc-arm\.claude\worktrees\rename-wrm\tests\Rip-AudioCd.Tests.ps1">
        <results>
          <test-suite type="TestFixture" name="Invoke-AudioRip" executed="True" result="Success" success="True" time="0.4815" asserts="0" description="Invoke-AudioRip">
            <results>
              <test-case description="returns success with extracted artist and album" name="Invoke-AudioRip.returns success with extracted artist and album" time="0.0588" asserts="0" success="True" result="Success" executed="True" />
              <test-case description="extracts artist and album from directory name with spaces" name="Invoke-AudioRip.extracts artist and album from directory name with spaces" time="0.0556" asserts="0" success="True" result="Success" executed="True" />
              <test-case description="returns fallback artist/album when freaccmd fails" name="Invoke-AudioRip.returns fallback artist/album when freaccmd fails" time="0.0372" asserts="0" success="True" result="Success" executed="True" />
              <test-case description="returns fallback values when no album directory found" name="Invoke-AudioRip.returns fallback values when no album directory found" time="0.0578" asserts="0" success="True" result="Success" executed="True" />
              <test-case description="returns fallback when directory name does not match pattern" name="Invoke-AudioRip.returns fallback when directory name does not match pattern" time="0.0658" asserts="0" success="True" result="Success" executed="True" />
              <test-case description="never throws an exception" name="Invoke-AudioRip.never throws an exception" time="0.039" asserts="0" success="True" result="Success" executed="True" />
              <test-case description="creates staging directory with GUID" name="Invoke-AudioRip.creates staging directory with GUID" time="0.0553" asserts="0" success="True" result="Success" executed="True" />
              <test-case description="handles missing Config gracefully" name="Invoke-AudioRip.handles missing Config gracefully" time="0.0511" asserts="0" success="True" result="Success" executed="True" />
              <test-case description="passes correct arguments to Invoke-ArmTool" name="Invoke-AudioRip.passes correct arguments to Invoke-ArmTool" time="0.0554" asserts="0" success="True" result="Success" executed="True" />
            </results>
          </test-suite>
        </results>
      </test-suite>
      <test-suite type="TestFixture" name="C:\dev\wslc-arm\.claude\worktrees\rename-wrm\tests\Rip-VideoDisc.Tests.ps1" executed="True" result="Success" success="True" time="2.2082" asserts="0" description="C:\dev\wslc-arm\.claude\worktrees\rename-wrm\tests\Rip-VideoDisc.Tests.ps1">
        <results>
          <test-suite type="TestFixture" name="ConvertFrom-MakeMkvRobotLine" executed="True" result="Success" success="True" time="0.0199" asserts="0" description="ConvertFrom-MakeMkvRobotLine">
            <results>
              <test-case description="parses a DRV line with quoted fields containing commas" name="ConvertFrom-MakeMkvRobotLine.parses a DRV line with quoted fields containing commas" time="0.0065" asserts="0" success="True" result="Success" executed="True" />
              <test-case description="parses an empty-field DRV line" name="ConvertFrom-MakeMkvRobotLine.parses an empty-field DRV line" time="0.0046" asserts="0" success="True" result="Success" executed="True" />
              <test-case description="returns $null for non-matching lines" name="ConvertFrom-MakeMkvRobotLine.returns $null for non-matching lines" time="0.004" asserts="0" success="True" result="Success" executed="True" />
            </results>
          </test-suite>
          <test-suite type="TestFixture" name="ConvertTo-MakeMkvSeconds" executed="True" result="Success" success="True" time="0.0379" asserts="0" description="ConvertTo-MakeMkvSeconds">
            <results>
              <test-case description="converts H:MM:SS" name="ConvertTo-MakeMkvSeconds.converts H:MM:SS" time="0.0089" asserts="0" success="True" result="Success" executed="True" />
              <test-case description="converts MM:SS" name="ConvertTo-MakeMkvSeconds.converts MM:SS" time="0.0028" asserts="0" success="True" result="Success" executed="True" />
              <test-case description="returns 0 for empty" name="ConvertTo-MakeMkvSeconds.returns 0 for empty" time="0.0022" asserts="0" success="True" result="Success" executed="True" />
            </results>
          </test-suite>
          <test-suite type="TestFixture" name="Get-MakeMkvDriveInfo" executed="True" result="Success" success="True" time="0.0537" asserts="0" description="Get-MakeMkvDriveInfo">
            <results>
              <test-case description="maps drive letter D to disc index 0 with label and BD type" name="Get-MakeMkvDriveInfo.maps drive letter D to disc index 0 with label and BD type" time="0.0042" asserts="0" success="True" result="Success" executed="True" />
              <test-case description="returns $null for a drive with no disc name" name="Get-MakeMkvDriveInfo.returns $null for a drive with no disc name" time="0.0029" asserts="0" success="True" result="Success" executed="True" />
              <test-case description="returns $null for an unmatched drive letter" name="Get-MakeMkvDriveInfo.returns $null for an unmatched drive letter" time="0.0035" asserts="0" success="True" result="Success" executed="True" />
            </results>
          </test-suite>
          <test-suite type="TestFixture" name="Get-MakeMkvLongestTitleIndex" executed="True" result="Success" success="True" time="0.0699" asserts="0" description="Get-MakeMkvLongestTitleIndex">
            <results>
              <test-case description="picks the title with the longest duration" name="Get-MakeMkvLongestTitleIndex.picks the title with the longest duration" time="0.008" asserts="0" success="True" result="Success" executed="True" />
              <test-case description="returns $null when given drive-scan lines with no TINFO" name="Get-MakeMkvLongestTitleIndex.returns $null when given drive-scan lines with no TINFO" time="0.0034" asserts="0" success="True" result="Success" executed="True" />
            </results>
          </test-suite>
          <test-suite type="TestFixture" name="Test-MakeMkvExpiredKey" executed="True" result="Success" success="True" time="0.0904" asserts="0" description="Test-MakeMkvExpiredKey">
            <results>
              <test-case description="detects MSG code 5021" name="Test-MakeMkvExpiredKey.detects MSG code 5021" time="0.003" asserts="0" success="True" result="Success" executed="True" />
              <test-case description="returns $false for a normal transcript" name="Test-MakeMkvExpiredKey.returns $false for a normal transcript" time="0.0098" asserts="0" success="True" result="Success" executed="True" />
              <test-case description="detects &quot;registration key&quot; text regardless of code" name="Test-MakeMkvExpiredKey.detects &quot;registration key&quot; text regardless of code" time="0.0027" asserts="0" success="True" result="Success" executed="True" />
            </results>
          </test-suite>
          <test-suite type="TestFixture" name="Invoke-VideoRip" executed="True" result="Success" success="True" time="0.7763" asserts="0" description="Invoke-VideoRip">
            <results>
              <test-case description="rips successfully and returns disc metadata + title count" name="Invoke-VideoRip.rips successfully and returns disc metadata + title count" time="0.1184" asserts="0" success="True" result="Success" executed="True" />
              <test-case description="creates the output directory before ripping (real makemkvcon requires it to exist)" name="Invoke-VideoRip.creates the output directory before ripping (real makemkvcon requires it to exist)" time="0.1262" asserts="0" success="True" result="Success" executed="True" />
              <test-case description="selects only the longest title when RipAllTitles is $false" name="Invoke-VideoRip.selects only the longest title when RipAllTitles is $false" time="0.1277" asserts="0" success="True" result="Success" executed="True" />
              <test-case description="falls back to title 0 when the disc-specific info call fails" name="Invoke-VideoRip.falls back to title 0 when the disc-specific info call fails" time="0.114" asserts="0" success="True" result="Success" executed="True" />
              <test-case description="returns MAKEMKV_KEY_EXPIRED when the key has expired" name="Invoke-VideoRip.returns MAKEMKV_KEY_EXPIRED when the key has expired" time="0.0161" asserts="0" success="True" result="Success" executed="True" />
              <test-case description="fails gracefully when no disc is present in the requested drive" name="Invoke-VideoRip.fails gracefully when no disc is present in the requested drive" time="0.0233" asserts="0" success="True" result="Success" executed="True" />
              <test-case description="fails gracefully when makemkvcon info exits non-zero" name="Invoke-VideoRip.fails gracefully when makemkvcon info exits non-zero" time="0.0118" asserts="0" success="True" result="Success" executed="True" />
              <test-case description="fails gracefully when the rip produces no mkv files" name="Invoke-VideoRip.fails gracefully when the rip produces no mkv files" time="0.1192" asserts="0" success="True" result="Success" executed="True" />
              <test-case description="never throws even when Invoke-ArmTool itself throws" name="Invoke-VideoRip.never throws even when Invoke-ArmTool itself throws" time="0.0246" asserts="0" success="True" result="Success" executed="True" />
            </results>
          </test-suite>
          <test-suite type="TestFixture" name="Invoke-VideoRip (Simulate end-to-end via stub)" executed="True" result="Success" success="True" time="2.0525" asserts="0" description="Invoke-VideoRip (Simulate end-to-end via stub)">
            <results>
              <test-case description="produces real mkv files through stub-makemkvcon.ps1" name="Invoke-VideoRip (Simulate end-to-end via stub).produces real mkv files through stub-makemkvcon.ps1" time="1.2727" asserts="0" success="True" result="Success" executed="True" />
            </results>
          </test-suite>
        </results>
      </test-suite>
      <test-suite type="TestFixture" name="C:\dev\wslc-arm\.claude\worktrees\rename-wrm\tests\Send-Notification.Tests.ps1" executed="True" result="Success" success="True" time="3.784" asserts="0" description="C:\dev\wslc-arm\.claude\worktrees\rename-wrm\tests\Send-Notification.Tests.ps1">
        <results>
          <test-suite type="TestFixture" name="Send-ArmNotification" executed="True" result="Success" success="True" time="3.6693" asserts="0" description="Send-ArmNotification">
            <results>
              <test-case description="never throws when toast fails" name="Send-ArmNotification.never throws when toast fails" time="0.2866" asserts="0" success="True" result="Success" executed="True" />
              <test-case description="never throws when webhook fails" name="Send-ArmNotification.never throws when webhook fails" time="0.3164" asserts="0" success="True" result="Success" executed="True" />
              <test-case description="sends to webhook when HaWebhookUrl is configured" name="Send-ArmNotification.sends to webhook when HaWebhookUrl is configured" time="0.3142" asserts="0" success="True" result="Success" executed="True" />
              <test-case description="includes level in webhook payload as lowercase" name="Send-ArmNotification.includes level in webhook payload as lowercase" time="0.3067" asserts="0" success="True" result="Success" executed="True" />
              <test-case description="includes title and message in payload" name="Send-ArmNotification.includes title and message in payload" time="0.3047" asserts="0" success="True" result="Success" executed="True" />
              <test-case description="skips webhook when HaWebhookUrl not configured" name="Send-ArmNotification.skips webhook when HaWebhookUrl not configured" time="0.3151" asserts="0" success="True" result="Success" executed="True" />
              <test-case description="accepts Info and Error levels" name="Send-ArmNotification.accepts Info and Error levels" time="0.5853" asserts="0" success="True" result="Success" executed="True" />
              <test-case description="rejects invalid level" name="Send-ArmNotification.rejects invalid level" time="0.006" asserts="0" success="True" result="Success" executed="True" />
              <test-case description="escapes XML special characters in title" name="Send-ArmNotification.escapes XML special characters in title" time="0.5985" asserts="0" success="True" result="Success" executed="True" />
              <test-case description="escapes XML special characters in message" name="Send-ArmNotification.escapes XML special characters in message" time="0.6217" asserts="0" success="True" result="Success" executed="True" />
              <test-case description="handles XML escape for SecurityElement" name="Send-ArmNotification.handles XML escape for SecurityElement" time="0.009" asserts="0" success="True" result="Success" executed="True" />
            </results>
          </test-suite>
        </results>
      </test-suite>
      <test-suite type="TestFixture" name="C:\dev\wslc-arm\.claude\worktrees\rename-wrm\tests\Setup.Tests.ps1" executed="True" result="Success" success="True" time="1.1257" asserts="0" description="C:\dev\wslc-arm\.claude\worktrees\rename-wrm\tests\Setup.Tests.ps1">
        <results>
          <test-suite type="TestFixture" name="Test-WingetPackageInstalled" executed="True" result="Success" success="True" time="0.0562" asserts="0" description="Test-WingetPackageInstalled">
            <results>
              <test-case description="returns true when winget list finds the id and exits 0" name="Test-WingetPackageInstalled.returns true when winget list finds the id and exits 0" time="0.0279" asserts="0" success="True" result="Success" executed="True" />
              <test-case description="returns false when winget list does not find the id" name="Test-WingetPackageInstalled.returns false when winget list does not find the id" time="0.0143" asserts="0" success="True" result="Success" executed="True" />
              <test-case description="returns false when winget exits non-zero" name="Test-WingetPackageInstalled.returns false when winget exits non-zero" time="0.0098" asserts="0" success="True" result="Success" executed="True" />
            </results>
          </test-suite>
          <test-suite type="TestFixture" name="Install-WingetPackage" executed="True" result="Success" success="True" time="0.1072" asserts="0" description="Install-WingetPackage">
            <results>
              <test-case description="skips installation when already installed" name="Install-WingetPackage.skips installation when already installed" time="0.022" asserts="0" success="True" result="Success" executed="True" />
              <test-case description="invokes winget install when not already installed" name="Install-WingetPackage.invokes winget install when not already installed" time="0.0256" asserts="0" success="True" result="Success" executed="True" />
            </results>
          </test-suite>
          <test-suite type="TestFixture" name="Initialize-ArmDirectories" executed="True" result="Success" success="True" time="0.1593" asserts="0" description="Initialize-ArmDirectories">
            <results>
              <test-case description="creates missing directories and leaves existing ones alone" name="Initialize-ArmDirectories.creates missing directories and leaves existing ones alone" time="0.0157" asserts="0" success="True" result="Success" executed="True" />
              <test-case description="is idempotent when run twice" name="Initialize-ArmDirectories.is idempotent when run twice" time="0.0168" asserts="0" success="True" result="Success" executed="True" />
            </results>
          </test-suite>
          <test-suite type="TestFixture" name="New-ArmConfigFile" executed="True" result="Success" success="True" time="0.2011" asserts="0" description="New-ArmConfigFile">
            <results>
              <test-case description="copies the example verbatim with -NonInteractive" name="New-ArmConfigFile.copies the example verbatim with -NonInteractive" time="0.0072" asserts="0" success="True" result="Success" executed="True" />
              <test-case description="substitutes supplied values without prompting when all params are given" name="New-ArmConfigFile.substitutes supplied values without prompting when all params are given" time="0.01" asserts="0" success="True" result="Success" executed="True" />
              <test-case description="accepts explicit blank TmdbApiKey/HaWebhookUrl without prompting" name="New-ArmConfigFile.accepts explicit blank TmdbApiKey/HaWebhookUrl without prompting" time="0.0172" asserts="0" success="True" result="Success" executed="True" />
            </results>
          </test-suite>
          <test-suite type="TestFixture" name="Register-ArmScheduledTask / Unregister-ArmScheduledTask" executed="True" result="Success" success="True" time="0.9075" asserts="0" description="Register-ArmScheduledTask / Unregister-ArmScheduledTask">
            <results>
              <test-case description="skips registration when the task already exists" name="Register-ArmScheduledTask / Unregister-ArmScheduledTask.skips registration when the task already exists" time="0.3304" asserts="0" success="True" result="Success" executed="True" />
              <test-case description="registers a hidden at-logon task when absent" name="Register-ArmScheduledTask / Unregister-ArmScheduledTask.registers a hidden at-logon task when absent" time="0.2778" asserts="0" success="True" result="Success" executed="True" />
              <test-case description="unregisters an existing task" name="Register-ArmScheduledTask / Unregister-ArmScheduledTask.unregisters an existing task" time="0.0575" asserts="0" success="True" result="Success" executed="True" />
              <test-case description="no-ops unregistering a task that does not exist" name="Register-ArmScheduledTask / Unregister-ArmScheduledTask.no-ops unregistering a task that does not exist" time="0.036" asserts="0" success="True" result="Success" executed="True" />
            </results>
          </test-suite>
        </results>
      </test-suite>
      <test-suite type="TestFixture" name="C:\dev\wslc-arm\.claude\worktrees\rename-wrm\tests\Upscale-Video.Tests.ps1" executed="True" result="Success" success="True" time="0.4632" asserts="0" description="C:\dev\wslc-arm\.claude\worktrees\rename-wrm\tests\Upscale-Video.Tests.ps1">
        <results>
          <test-suite type="TestFixture" name="Get-InterlaceType" executed="True" result="Success" success="True" time="0.0719" asserts="0" description="Get-InterlaceType">
            <results>
              <test-case description="classifies progressive source as Progressive" name="Get-InterlaceType.classifies progressive source as Progressive" time="0.0106" asserts="0" success="True" result="Success" executed="True" />
              <test-case description="classifies interlaced source as Interlaced" name="Get-InterlaceType.classifies interlaced source as Interlaced" time="0.0181" asserts="0" success="True" result="Success" executed="True" />
              <test-case description="classifies telecined source as Telecined" name="Get-InterlaceType.classifies telecined source as Telecined" time="0.0098" asserts="0" success="True" result="Success" executed="True" />
              <test-case description="defaults to Interlaced when idet output is unparseable" name="Get-InterlaceType.defaults to Interlaced when idet output is unparseable" time="0.0131" asserts="0" success="True" result="Success" executed="True" />
              <test-case description="calls Invoke-ArmTool with the ffmpeg idet filter and 2000 frame limit" name="Get-InterlaceType.calls Invoke-ArmTool with the ffmpeg idet filter and 2000 frame limit" time="0.0165" asserts="0" success="True" result="Success" executed="True" />
            </results>
          </test-suite>
          <test-suite type="TestFixture" name="Invoke-Upscale" executed="True" result="Success" success="True" time="0.324" asserts="0" description="Invoke-Upscale">
            <results>
              <test-case description="returns Success with the expected output file name and interlace type" name="Invoke-Upscale.returns Success with the expected output file name and interlace type" time="0.041" asserts="0" success="True" result="Success" executed="True" />
              <test-case description="uses the telecined filter chain when source is telecined" name="Invoke-Upscale.uses the telecined filter chain when source is telecined" time="0.0423" asserts="0" success="True" result="Success" executed="True" />
              <test-case description="passes -ss 600 -t 120 to the preprocess step when -SampleOnly is set" name="Invoke-Upscale.passes -ss 600 -t 120 to the preprocess step when -SampleOnly is set" time="0.0354" asserts="0" success="True" result="Success" executed="True" />
              <test-case description="returns Success=$false and Error when the video2x step fails" name="Invoke-Upscale.returns Success=$false and Error when the video2x step fails" time="0.0316" asserts="0" success="True" result="Success" executed="True" />
              <test-case description="never throws even when Invoke-ArmTool throws" name="Invoke-Upscale.never throws even when Invoke-ArmTool throws" time="0.0263" asserts="0" success="True" result="Success" executed="True" />
              <test-case description="cleans up temp files after a successful run" name="Invoke-Upscale.cleans up temp files after a successful run" time="0.0719" asserts="0" success="True" result="Success" executed="True" />
            </results>
          </test-suite>
        </results>
      </test-suite>
      <test-suite type="TestFixture" name="C:\dev\wslc-arm\.claude\worktrees\rename-wrm\tests\Upscale-Worker.Tests.ps1" executed="True" result="Success" success="True" time="0.4431" asserts="0" description="C:\dev\wslc-arm\.claude\worktrees\rename-wrm\tests\Upscale-Worker.Tests.ps1">
        <results>
          <test-suite type="TestFixture" name="Test-ArmActiveWindow" executed="True" result="Success" success="True" time="0.0572" asserts="0" description="Test-ArmActiveWindow">
            <results>
              <test-case description="returns true when window spans midnight and now is late night" name="Test-ArmActiveWindow.returns true when window spans midnight and now is late night" time="0.0232" asserts="0" success="True" result="Success" executed="True" />
              <test-case description="returns true when window spans midnight and now is early morning" name="Test-ArmActiveWindow.returns true when window spans midnight and now is early morning" time="0.0093" asserts="0" success="True" result="Success" executed="True" />
              <test-case description="returns false when window spans midnight and now is midday" name="Test-ArmActiveWindow.returns false when window spans midnight and now is midday" time="0.0069" asserts="0" success="True" result="Success" executed="True" />
              <test-case description="returns true when window does not span midnight and now is inside it" name="Test-ArmActiveWindow.returns true when window does not span midnight and now is inside it" time="0.0079" asserts="0" success="True" result="Success" executed="True" />
              <test-case description="returns true when no window is configured" name="Test-ArmActiveWindow.returns true when no window is configured" time="0.002" asserts="0" success="True" result="Success" executed="True" />
            </results>
          </test-suite>
          <test-suite type="TestFixture" name="Start-UpscaleWorker -Once" executed="True" result="Success" success="True" time="0.3012" asserts="0" description="Start-UpscaleWorker -Once">
            <results>
              <test-case description="sample-review path: runs SampleOnly, notifies, and renames queue file to .awaiting-review" name="Start-UpscaleWorker -Once.sample-review path: runs SampleOnly, notifies, and renames queue file to .awaiting-review" time="0.084" asserts="0" success="True" result="Success" executed="True" />
              <test-case description="auto-upscale path: runs full upscale, moves result to DestDir, notifies, deletes queue file" name="Start-UpscaleWorker -Once.auto-upscale path: runs full upscale, moves result to DestDir, notifies, deletes queue file" time="0.061" asserts="0" success="True" result="Success" executed="True" />
              <test-case description="failure path: renames queue file to .failed and sends Error notification" name="Start-UpscaleWorker -Once.failure path: renames queue file to .failed and sends Error notification" time="0.0486" asserts="0" success="True" result="Success" executed="True" />
              <test-case description="does not process the queue outside active hours unless -Once is passed" name="Start-UpscaleWorker -Once.does not process the queue outside active hours unless -Once is passed" time="0.0463" asserts="0" success="True" result="Success" executed="True" />
            </results>
          </test-suite>
        </results>
      </test-suite>
    </results>
  </test-suite>
</test-results>